<?xml version="1.0" encoding="UTF-8"?>
<!-- Generated by org.testng.reporters.JUnitXMLReporter -->
<testsuite hostname="Ptns-MacBook-Pro.local" name="uploadModule-3" tests="2" failures="1" timestamp="17 Apr 2020 01:28:19 GMT" time="2.796" errors="0">
  <testcase name="initialize" time="0.001" classname="com.searchModule.test.uploadTest"/>
  <testcase name="upload" time="2.065" classname="com.searchModule.test.uploadTest">
    <failure type="java.lang.AssertionError" message="file upload failed expected [true] but found [false]">
      <![CDATA[java.lang.AssertionError: file upload failed expected [true] but found [false]
	at com.searchModule.test.uploadTest.upload(uploadTest.java:45)
... Removed 27 stack frames]]>
    </failure>
  </testcase> <!-- upload -->
</testsuite> <!-- uploadModule-3 -->
